SERVER_HANDSHAKE_TRAFFIC_SECRET d044b7553ef30a62607961589b81c2a6036590af0773a2779da29b95a3bd2b18 18bf29bd9eae1311365518aaa981f75e4dea72357602f812086112d7f4e774fc95e600b76beb9574a345cb3dea472b34
CLIENT_HANDSHAKE_TRAFFIC_SECRET d044b7553ef30a62607961589b81c2a6036590af0773a2779da29b95a3bd2b18 d5c360706766a9b95e5fbe9c312071c3c66ccc53f8e9e7be8a356c49545eee9752de266ba3c5462f19b9a508566ebd49
EXPORTER_SECRET d044b7553ef30a62607961589b81c2a6036590af0773a2779da29b95a3bd2b18 175c523749a1b06ad940bff2b3d6b25668734e5eedddd0e43310cd6619623f8f5b046ef66c62206f92cefb22fb515859
SERVER_TRAFFIC_SECRET_0 d044b7553ef30a62607961589b81c2a6036590af0773a2779da29b95a3bd2b18 8bd64698a45c4fd7a688e99e24d9b89d4543624155cf729747ccb9039c9cd33fd005b0c7c4a803aa378121857525cada
CLIENT_TRAFFIC_SECRET_0 d044b7553ef30a62607961589b81c2a6036590af0773a2779da29b95a3bd2b18 061a56ba264e56e5d611326ccb492ae7bc25dc344a970e010cb0e6012da770e6011db14249adf9610ef247820872a836
SERVER_HANDSHAKE_TRAFFIC_SECRET 520b2612472d065f90a7ef2e0f0e16ff4e175a953905e793099074d4225245e3 59d79140ea23fad130f8caf8985f35a04d128aa9c3341b03cee6813eb2e59b4273817d2eb4062f60798d48a8b2b41a86
CLIENT_HANDSHAKE_TRAFFIC_SECRET 520b2612472d065f90a7ef2e0f0e16ff4e175a953905e793099074d4225245e3 1962b417985f1f5cfbb92924b09151462e6cec55ec36265999a07798d2ee9ed8d4c0fa1a1dc9e398fa75baf5cb4b4432
EXPORTER_SECRET 520b2612472d065f90a7ef2e0f0e16ff4e175a953905e793099074d4225245e3 35c3c277e2e2e5166cfafc390cbc820e22704f54d2a98036b5d4c0b252c46a9c7426a3800556be9d0d1fefe6bcba19d4
SERVER_TRAFFIC_SECRET_0 520b2612472d065f90a7ef2e0f0e16ff4e175a953905e793099074d4225245e3 d8b9536643fe7f3c30e119403e34984b87d31753fba7688f98b542e3674a38cebcac7d4b1be11b0f11068095166850a6
CLIENT_TRAFFIC_SECRET_0 520b2612472d065f90a7ef2e0f0e16ff4e175a953905e793099074d4225245e3 17c041a4407d0e8973cfc9413bb3ddd42909fbf67b66da5c5008b7ddee78097d5de0781ae2ae9b93994c3454107fdc4f
SERVER_HANDSHAKE_TRAFFIC_SECRET a386398984c2134cc61f2b2684cd1ea014a23dd6f9df6f1082b0ca1401bf2442 e69ef5ba58431fb5c7d6729626690ffb6e995511ac03a3cc71d496cb2e20e1f523237c4e851eff59b3ee46f630319557
CLIENT_HANDSHAKE_TRAFFIC_SECRET a386398984c2134cc61f2b2684cd1ea014a23dd6f9df6f1082b0ca1401bf2442 44da1cfc285111fd0da35ff0f590fc2c61c321af02890eb9a9e2ca3dd400050046cfe80fd519eb21d5fd5b1da8d7f274
EXPORTER_SECRET a386398984c2134cc61f2b2684cd1ea014a23dd6f9df6f1082b0ca1401bf2442 71f901db5f7a0ae5a21922294b6b57d31c542fd4055a72626ff6919718e16cb46c61b1469698696d70e50243e1b59dd6
SERVER_TRAFFIC_SECRET_0 a386398984c2134cc61f2b2684cd1ea014a23dd6f9df6f1082b0ca1401bf2442 bb81b9d89b6d3f3cb87fc3345712442757c0d97d3198b708da7f037a76f3e1b9c807fbbcd81852b2c2820fb1e9fa3e1f
CLIENT_TRAFFIC_SECRET_0 a386398984c2134cc61f2b2684cd1ea014a23dd6f9df6f1082b0ca1401bf2442 d203aaafcf7b93a69e05cd4c867e9d947e4eb89c225b0225a29a78de07ce0a27a11acb794a4a7cb352c727ed086cc93c
SERVER_HANDSHAKE_TRAFFIC_SECRET fdf12d12d65a3368aa68e9e1d054d4a6d90366685c8b6110346fa3ea30952303 9d08e069b01bc37b0fd868d0f5313eb3d7ab6776e11d84408323a873d81c5035305667237dcd1ba417df93e388b4c25f
CLIENT_HANDSHAKE_TRAFFIC_SECRET fdf12d12d65a3368aa68e9e1d054d4a6d90366685c8b6110346fa3ea30952303 de942e164bd0dce8ece97d63c89720b55246b05740f2d47f1d2592f928bd7f060d770005f83ab51538294e696e687ce1
EXPORTER_SECRET fdf12d12d65a3368aa68e9e1d054d4a6d90366685c8b6110346fa3ea30952303 48e0d50cc470dda69f51ac8172c58f84f3a6cee8a0c3de778cdc36d68c884ec5f952b6e2b5946bb7ef16516f13a2305d
SERVER_TRAFFIC_SECRET_0 fdf12d12d65a3368aa68e9e1d054d4a6d90366685c8b6110346fa3ea30952303 79b50d08408e1d04f1037d70806d0add4d1f3a4762938a72a8e23803b692454c6a89b2b55b298a6490263f46fe6a0f13
CLIENT_TRAFFIC_SECRET_0 fdf12d12d65a3368aa68e9e1d054d4a6d90366685c8b6110346fa3ea30952303 5588c0ef04120b21115220101dc48b2c9ca011b97235f0887d4284c622656db7c72bd46cb42961593f23eb0a08935953
SERVER_HANDSHAKE_TRAFFIC_SECRET ba16a52dc4f325dc4a7361a7b9ce9d0b017e10bf66442d03a6cdffee57f4ddfc 9d67251995c754dcc35bb5ef49261cf915d2f2845cdfa8f348dddca58f1fd20a7c489d26ef75e7c8178036707566e8bd
CLIENT_HANDSHAKE_TRAFFIC_SECRET ba16a52dc4f325dc4a7361a7b9ce9d0b017e10bf66442d03a6cdffee57f4ddfc b587fbd324db28279abcbe59109ba2f1c55a5ffc594311f4e1f1378ab6512ed1d128e0d99be69efb5bef61a4cc8b0860
EXPORTER_SECRET ba16a52dc4f325dc4a7361a7b9ce9d0b017e10bf66442d03a6cdffee57f4ddfc ff4fc3df5fff7afe3df2e44b38aba35f539cb21437e9f847df97d9ab60a35dfb4ca2aaba431b1d0a52112e677bfe958e
SERVER_TRAFFIC_SECRET_0 ba16a52dc4f325dc4a7361a7b9ce9d0b017e10bf66442d03a6cdffee57f4ddfc 70c814c2f21392256e75b42f7138d929ac8bb6b4bd433334eb4c432b8455b34367a8766149014f67221bef4b54e2e9e5
SERVER_HANDSHAKE_TRAFFIC_SECRET 227bea8b5b5eb59ca05915395e593839b37066b987dd4838ef4c94d2e0cfb84e 69a4a9cccf730cc26d6bf6eabaf6e648a7176ea71ad1bea78417f587a1a4eec8945920ee2b9366cc0ac3c076a9a7473a
CLIENT_HANDSHAKE_TRAFFIC_SECRET 227bea8b5b5eb59ca05915395e593839b37066b987dd4838ef4c94d2e0cfb84e af40fbcc0efcc300f40813b4af3cfaa410b01d884d9755908fd24a579c2fcd005095a1fa4c356da0dad705196bbdcccb
EXPORTER_SECRET 227bea8b5b5eb59ca05915395e593839b37066b987dd4838ef4c94d2e0cfb84e 762b0b4e020b2dbe0058ae68b1b7bc174d172226882d19df873ee2d1e7251508c042e5e48e331e25bbb69e231de501af
SERVER_TRAFFIC_SECRET_0 227bea8b5b5eb59ca05915395e593839b37066b987dd4838ef4c94d2e0cfb84e 62f5ccf2b4cb35c71061d5ef391f28627dc7485209cf519cf2c731b66feb6589d484812dc7ac2258552ee78a4750f696
CLIENT_TRAFFIC_SECRET_0 227bea8b5b5eb59ca05915395e593839b37066b987dd4838ef4c94d2e0cfb84e 0250c2d4f1799b3d4879615b644c99e3460e344eb200c5961236a1c21de60e8c3f58eb9155b89c55d6a9d9d628ac1f97
SERVER_HANDSHAKE_TRAFFIC_SECRET f78d34f59c2407cc808a7aed405444235c839ebc2f075b3f04b592eeeed8ae2b ba5433dc393036be85585459411bedf1777613b6582996c02ebee708abd8616de1cf696334812f72f13ce2d21a14b5e2
CLIENT_HANDSHAKE_TRAFFIC_SECRET f78d34f59c2407cc808a7aed405444235c839ebc2f075b3f04b592eeeed8ae2b 6e80394157c448a40a8f5692488eb5898469e2ccccdbaf6cf6d7de5012720d791c06c1c6577204c7663edb1235ced52d
EXPORTER_SECRET f78d34f59c2407cc808a7aed405444235c839ebc2f075b3f04b592eeeed8ae2b 0e7df695330bc9c46326364b1fe973821dddb0bb414ba300d51ea6b12c818106c4cca088d52794696e08afb9c4203cb3
SERVER_TRAFFIC_SECRET_0 f78d34f59c2407cc808a7aed405444235c839ebc2f075b3f04b592eeeed8ae2b 967b1fd41d549ba6c2c3447aee53b4730f8fd715900e73ed0bf7a6f4edd386fa5fc963690753b42647c1553f920ea1a9
CLIENT_TRAFFIC_SECRET_0 f78d34f59c2407cc808a7aed405444235c839ebc2f075b3f04b592eeeed8ae2b ba289bb7ba517147a3ba447cb0a3ee1438b04c28ab25526eba778f8badc3d415320393acb3b611328d2e186cabd72c7d
SERVER_HANDSHAKE_TRAFFIC_SECRET a6747a86373ac1258bbd2e57eff3b70a6fa4879f5bdc78977eba9c3d238910a2 2874a6233824e94d7f0a8bb3747efcef654de3b6c23afda03c84018e368a9d5953ea61657085763e1475e88748712ae4
CLIENT_HANDSHAKE_TRAFFIC_SECRET a6747a86373ac1258bbd2e57eff3b70a6fa4879f5bdc78977eba9c3d238910a2 6f27f9038bd6c9b9ab8458ba863e62f165c6f78c4fc0754c2b5971227fbec745e0c1d277b02554a14084539fb6675cca
EXPORTER_SECRET a6747a86373ac1258bbd2e57eff3b70a6fa4879f5bdc78977eba9c3d238910a2 6dcc77a26a440d75748506896726c5f6baddba6cd3ba6ce92d1c5dff6d0b5570e1fb481299eeeae1976c4cd2e7d96586
SERVER_TRAFFIC_SECRET_0 a6747a86373ac1258bbd2e57eff3b70a6fa4879f5bdc78977eba9c3d238910a2 d409cce8325d86a6d7df46deaa7622b107e3385b964d2ff56727dd85144f9eace9b95e0c8bb079b3079a0a29c5993dc7
CLIENT_TRAFFIC_SECRET_0 a6747a86373ac1258bbd2e57eff3b70a6fa4879f5bdc78977eba9c3d238910a2 17bf2593ca9ce585ddeceec21f2735331e420e913b646cf30a0e8d3d37fd5f7366c03008b5afffc3359587db2124afc5
SERVER_HANDSHAKE_TRAFFIC_SECRET 96f497b08135a4ef9de6f730172dcba874ef93be032e676d6514b30a146efa3c a6866e0bcba8bcfb94fb88ed1dd4c37aab221da3bfd01635304045754408a843589e699c03cd8a61d2397d269c066471
CLIENT_HANDSHAKE_TRAFFIC_SECRET 96f497b08135a4ef9de6f730172dcba874ef93be032e676d6514b30a146efa3c 6f943945d5e1e50a4099c651a5894660ef1e018bbe618f8974cf9f6d63b9eb53ac83d5dab5d962409ff59744e3518f01
EXPORTER_SECRET 96f497b08135a4ef9de6f730172dcba874ef93be032e676d6514b30a146efa3c fd32fa0c09e9491e126b058ddc02164ebf30f81e4f517393081e1951854d230d09c2cb17ae04998d26d8513726da0a26
SERVER_TRAFFIC_SECRET_0 96f497b08135a4ef9de6f730172dcba874ef93be032e676d6514b30a146efa3c d42250ac9da332a1b66a7467844a49cb59f5ae9b4c4d69bb5e4c1bfd6485b88c75fab1e12f59635292e66042a330a9a9
CLIENT_TRAFFIC_SECRET_0 96f497b08135a4ef9de6f730172dcba874ef93be032e676d6514b30a146efa3c b22cfdbb2120ca1461a8f6e3f1a4d4e256922956641d264d38355cf0bdce88a348d2d94245530aa9c681ec01a1fb6416
SERVER_HANDSHAKE_TRAFFIC_SECRET 5889fb9a9b418923e36ff0c72a0f986b6616cd482fdc9550c9083587e2407bac f307f967624dd9c564c2bc34460f2ae6ff89692e180c3538067c43bc59768f1609fc7dda53a24c00d51daaf2f62e3840
CLIENT_HANDSHAKE_TRAFFIC_SECRET 5889fb9a9b418923e36ff0c72a0f986b6616cd482fdc9550c9083587e2407bac 7b1b7b9523c84fdb7c034313495605735daab528a0005e773fd18aa96f3ea6052be71cef86360f4f4bf0222289188a81
EXPORTER_SECRET 5889fb9a9b418923e36ff0c72a0f986b6616cd482fdc9550c9083587e2407bac 0d860a72c691c3a0cf660abc06eddeffe810739c3e334c939d4bbd89c51f3301d5d0ebf9d54dd6e01f5bde925a4cb8cc
SERVER_TRAFFIC_SECRET_0 5889fb9a9b418923e36ff0c72a0f986b6616cd482fdc9550c9083587e2407bac 6455b6507d2d05eadf914de9f04d4c809629fed39b9d706b8039366fb244ea4e088a33396a483ec9d17a544613b153a5
CLIENT_TRAFFIC_SECRET_0 5889fb9a9b418923e36ff0c72a0f986b6616cd482fdc9550c9083587e2407bac 92954881c84148c883cbaab1531458069765186dff2cc64f2d9b60b60ef21996e6f16794a46376704034635e78b46031
SERVER_HANDSHAKE_TRAFFIC_SECRET 39b85d0bbe1bb47e09288fe67f2617b79b5fda9994fe90bda47d78192821955d 383b427bdbfedead505b0b546d5e4a9810e117b2d9fd705d315236a6d3ef95fbec37a8ba37cd11a65c48871a1c7c5768
CLIENT_HANDSHAKE_TRAFFIC_SECRET 39b85d0bbe1bb47e09288fe67f2617b79b5fda9994fe90bda47d78192821955d 1cc119ebaf39ab53e91360bd74d1cbc5f7c58ac5b8e42fc11b72da04cdb012c788c27c9e8029f6edb85f24ed3b7d021b
EXPORTER_SECRET 39b85d0bbe1bb47e09288fe67f2617b79b5fda9994fe90bda47d78192821955d 2d903324f4cbdcf96380ab2181c7fb3ec47d9e9c9fd3d0e701f4f27e9b341689965f927193b77be390da5cfdbb4ed92e
SERVER_TRAFFIC_SECRET_0 39b85d0bbe1bb47e09288fe67f2617b79b5fda9994fe90bda47d78192821955d 61ab6d21bcc75c882853f72476b3b1b2fb5581063e6243a64224b012db224d61bc6a3d12d2e2520276837fea1f25f1a0
CLIENT_TRAFFIC_SECRET_0 39b85d0bbe1bb47e09288fe67f2617b79b5fda9994fe90bda47d78192821955d 0e55e3f8f61a222cbefdb07c7481e319c84ebcb81bab84793b183949273aa50b28c3864f8c0025b58cbb6f80956d810d
SERVER_HANDSHAKE_TRAFFIC_SECRET c7564af781cb338869c21ca55e6a15234d0e7338b42a3ba63d8a65d03b320e92 909dd56522e2c5b17f3bdea1522782285685ca8d152bbeb5a3dba51ac3808f323201302226aba5c15e78bb22f071f8ac
CLIENT_HANDSHAKE_TRAFFIC_SECRET c7564af781cb338869c21ca55e6a15234d0e7338b42a3ba63d8a65d03b320e92 8664abd7b19dbc594e5a6583e452c7c2a503ea6f73e6b68bfd7837c2b2483abd8ef25891aeed10e7b3a079a1562dc56c
EXPORTER_SECRET c7564af781cb338869c21ca55e6a15234d0e7338b42a3ba63d8a65d03b320e92 4eaa568d32243d0fba66cb456c7db4d63eb81d48f09334fcb763de8d4221cda8dcdcdf90a7410cd54fdf59f6663a72a7
SERVER_TRAFFIC_SECRET_0 c7564af781cb338869c21ca55e6a15234d0e7338b42a3ba63d8a65d03b320e92 78aae8409fe562fc58b5d68d7a0d36bff6dca62b42b92fe42689f4e9f7a790797e4b60aac525444b2a64835add044197
CLIENT_TRAFFIC_SECRET_0 c7564af781cb338869c21ca55e6a15234d0e7338b42a3ba63d8a65d03b320e92 f9adad20dc6fcda464e7db6c4ef632000b1631e3ae4a0b0547f11f54bb0c2a00b22f704867a534a1ef5a7c18e4576c8f
SERVER_HANDSHAKE_TRAFFIC_SECRET 50e4f615c35ba0318f38b37fd96597cb1a5a89774f30a4440a4b308d4ee7b37e b05e0b90ff3a4d5b441d61ec7a3aa108d792c358056a2514cd2ac30aadee94d6a6bb2a0fc1226540c56407369ef82e5b
CLIENT_HANDSHAKE_TRAFFIC_SECRET 50e4f615c35ba0318f38b37fd96597cb1a5a89774f30a4440a4b308d4ee7b37e 7949e7331b6653597fe0f8e504e3ef1ee2ef5e9578686e7d5ffc05001c78c2fb610f171b38d5da91651456814a9e95a3
EXPORTER_SECRET 50e4f615c35ba0318f38b37fd96597cb1a5a89774f30a4440a4b308d4ee7b37e 9c0ad0d2a41d2e08d8e406c4f9fb4dc43479d73ff514efa6f99158ab89670cf7bc599a3f7c0439272d0a830095bb0f45
SERVER_TRAFFIC_SECRET_0 50e4f615c35ba0318f38b37fd96597cb1a5a89774f30a4440a4b308d4ee7b37e 0030037fb6df5241679f7c3881edd9881bb833735a1f8cf2d916f16b844f9309fca78d6cdec3912b5e1dedd60e828df7
CLIENT_TRAFFIC_SECRET_0 50e4f615c35ba0318f38b37fd96597cb1a5a89774f30a4440a4b308d4ee7b37e 35c516c06f7cba0709fd7e8c82f90031b9573e8f239bcaa57d8ca13fc2a1c5bcaad1729ceed6bc5a1a6a8cf0995a9e86
SERVER_HANDSHAKE_TRAFFIC_SECRET 060098e9a5e882890b236bf785f19c6abf65c056f693c9e0a32bf628266d9c43 27407868da35c83af71da2e268cf8480698ccbeb5f68b70165ed9697cd3a6b35e811b31813c2b48aed5fc4498eaa3c3d
CLIENT_HANDSHAKE_TRAFFIC_SECRET 060098e9a5e882890b236bf785f19c6abf65c056f693c9e0a32bf628266d9c43 bd711b23f86fb7d2d48cd7f6a5baa8c82c33d72c74f974287bf575da2d451c547cf757a1796047cee82e02b99618a594
EXPORTER_SECRET 060098e9a5e882890b236bf785f19c6abf65c056f693c9e0a32bf628266d9c43 c3215b62f7e41237cf08deb3fcb23dbdb476dcde6d671e942098c9e550dbad93869c85004f03c71db6a41ec2d4c78e7c
SERVER_TRAFFIC_SECRET_0 060098e9a5e882890b236bf785f19c6abf65c056f693c9e0a32bf628266d9c43 dc8cd336b10d83e637da00271655362351f131678d43f56389058a82e1a08a8a6f41e575d11f184f7032c1c24e44f15b
CLIENT_TRAFFIC_SECRET_0 060098e9a5e882890b236bf785f19c6abf65c056f693c9e0a32bf628266d9c43 4de8996839c6992b6126110f5a979d3db4504594865abead76fad7a95441c27af42cc45902df799c7ce4f158bd0c2b76
SERVER_HANDSHAKE_TRAFFIC_SECRET abf922de2c33f963e54d8075a76d85d4fe0a8e4081ae7e10523a3cb9648417d4 3f258250772fb22bb08df470ccfa2aaf1c8126ddfe80538107fe463c89b35f4b0b79db7ef11ba039ac0d7993b8833d3e
CLIENT_HANDSHAKE_TRAFFIC_SECRET abf922de2c33f963e54d8075a76d85d4fe0a8e4081ae7e10523a3cb9648417d4 a0be316201031d19cdf1cba228405e46d70a6fd768a4c361c5d65415c6913721c6d6f0fa96df746ff035cb80cec08261
EXPORTER_SECRET abf922de2c33f963e54d8075a76d85d4fe0a8e4081ae7e10523a3cb9648417d4 0639a5b9e9d4ddfe35ac23dd624af3afbc607eeae4ea6a9e2cc13a4a587f0c1943f9cbc90cc11da97bfcfb30d1c38420
SERVER_TRAFFIC_SECRET_0 abf922de2c33f963e54d8075a76d85d4fe0a8e4081ae7e10523a3cb9648417d4 93033840b938420d5e0a458c720f9362be98090a4a8671581e15f738ef2551dac21f8e7a01c698fac637ffeaefdd19a0
CLIENT_TRAFFIC_SECRET_0 abf922de2c33f963e54d8075a76d85d4fe0a8e4081ae7e10523a3cb9648417d4 e8d614311d64a3f911927e754d387692426acc098029eb66ffc06f03f9af71a6433999db7407c529e49e0f29d179f201
SERVER_HANDSHAKE_TRAFFIC_SECRET abc7b029df4036d0f6c83d11dcef90b89d3616e5ee6be070dd6f5f968eb331b4 ffd3eb7f819957ecf3a44e2be17e0cc36206a8c2988ee44eff4f9c75cb6aa5121bfc04320a3df9ac4d2aed83c9a7b644
CLIENT_HANDSHAKE_TRAFFIC_SECRET abc7b029df4036d0f6c83d11dcef90b89d3616e5ee6be070dd6f5f968eb331b4 4a2fdbf38241ac450733ca9aa843c84d5041a97b7829458811787c9bc9c7e0fd2dfebfb488b01f43c2aa219e9b57de82
EXPORTER_SECRET abc7b029df4036d0f6c83d11dcef90b89d3616e5ee6be070dd6f5f968eb331b4 f143538d43b0409cd42ca772b105a570aa0b5e13a8746034861bec22a5a2f60a97e2ea7bb4ec42964c53cb850ec92db8
SERVER_TRAFFIC_SECRET_0 abc7b029df4036d0f6c83d11dcef90b89d3616e5ee6be070dd6f5f968eb331b4 3e66e75e17fe69db9c10cec089fbbe3f0403b3d3456125ae849cea9a21141922a34cd20d33b7aa416c18e52294d8e7bb
CLIENT_TRAFFIC_SECRET_0 abc7b029df4036d0f6c83d11dcef90b89d3616e5ee6be070dd6f5f968eb331b4 6cdb3bcc9287e883827d19a0ad41b3c359a9d34f815145f8c3f0b4fc3be502b939227a6767dd01b3e3f1f1af6f107367
SERVER_HANDSHAKE_TRAFFIC_SECRET bd542cb6f1a57d0a0fb20a89085f4a974cfed5b324d5d582974da08b2c89f5e3 8939ee5cd58fe9b9ff81d0379f7c6ba5962748727f54a12b1297672f1983e81b1af54e8143ac26b27a2943f881d6de5b
CLIENT_HANDSHAKE_TRAFFIC_SECRET bd542cb6f1a57d0a0fb20a89085f4a974cfed5b324d5d582974da08b2c89f5e3 024f8519441016280fb4d82f30e4d43cf413425de58898f29d317240990cca0472d3128a43600d6b8135cbb792f3e433
EXPORTER_SECRET bd542cb6f1a57d0a0fb20a89085f4a974cfed5b324d5d582974da08b2c89f5e3 8fb5ae7aa2322e394163a5312f5462f08412143eacbcb9cef66a9797f6a924e72ec169e6014499f16f70b77f2067e3d8
SERVER_TRAFFIC_SECRET_0 bd542cb6f1a57d0a0fb20a89085f4a974cfed5b324d5d582974da08b2c89f5e3 97642db9b2d0ea968e74a7664f6007aa329b1f7067f920e4137e31ea6db3d5de110baebcada1c5a05556174a6c67cc65
CLIENT_TRAFFIC_SECRET_0 bd542cb6f1a57d0a0fb20a89085f4a974cfed5b324d5d582974da08b2c89f5e3 d21decff49c46170295b4b3d6f6686e3888928d30576e552abbb4862fb7c899368b98aa184d9fc23c13a2bca60e1f7cb
SERVER_HANDSHAKE_TRAFFIC_SECRET 5079f9a7ebc1282fa191d180876f2463a4f36d19441914e9a6947817eb2297a0 c5d5cef17986cfe29c0be7e19f9eff15d5710d6aed7dbd63fe1d77b8cf0e88f3d4441ed6721aa69a3722674bdb1b4747
CLIENT_HANDSHAKE_TRAFFIC_SECRET 5079f9a7ebc1282fa191d180876f2463a4f36d19441914e9a6947817eb2297a0 c30d9b936d2ae94f1746971410c2418a0e63f3acc8aaa6fe2b7212c05e344a7284e33e38e4d1e27db107338267ce0627
EXPORTER_SECRET 5079f9a7ebc1282fa191d180876f2463a4f36d19441914e9a6947817eb2297a0 b22b66e27fb348f36b6c2fcfb3d959cc028a60712c58a496b0069a7eb760ed172a2119af3c1361260009c7e5e23a842b
SERVER_TRAFFIC_SECRET_0 5079f9a7ebc1282fa191d180876f2463a4f36d19441914e9a6947817eb2297a0 c1b6b4ea25a638e7da1e19a6532584bc4b29f2404ae74717ec3cafd92395bce832cafefc539b42d4418e50a08ad97f4a
CLIENT_TRAFFIC_SECRET_0 5079f9a7ebc1282fa191d180876f2463a4f36d19441914e9a6947817eb2297a0 105b20fec547463acf3abc8bda01c5e4e7d93b4df8fc61e5a3a96e4a02b8d4d91718c30f7934f41d02525bf0a87a5b54
SERVER_HANDSHAKE_TRAFFIC_SECRET 5c80560adbfe9191a1eb486d48c4b566b71377fc48303eae7109b3be37047783 a1c86e93093458d86e8d935357cb64e64f4a7bc57afdd9541b1070b43be81d82f0f0573cdc5abfbe8ffc6a50decc7c2c
CLIENT_HANDSHAKE_TRAFFIC_SECRET 5c80560adbfe9191a1eb486d48c4b566b71377fc48303eae7109b3be37047783 604cdccac33fe0bb0580548b49c56f932a6dbbd5f6e16446bc34f6d6f7f5f37a3d7e0d89339589f0eba31b6fc47e7d28
EXPORTER_SECRET 5c80560adbfe9191a1eb486d48c4b566b71377fc48303eae7109b3be37047783 b220643d27f006d9f703b179dfa615268bdc5d692020e0501f4fed5f346655d2fc4fa13607de60f6ceedae3b2ca3ff5a
SERVER_TRAFFIC_SECRET_0 5c80560adbfe9191a1eb486d48c4b566b71377fc48303eae7109b3be37047783 b29be50ec0cc4275aa29eb9e8abaca9c97072c74aa7ae6922f73c13173e39813ecb0ed322af3257f27c0e606ea90af33
CLIENT_TRAFFIC_SECRET_0 5c80560adbfe9191a1eb486d48c4b566b71377fc48303eae7109b3be37047783 e30f3025a219805ce4111ca5be3e73e84b44293f7ff05f7453c3d5d5faaacfae9333b38793d64a0b35daf511577c94fc
SERVER_HANDSHAKE_TRAFFIC_SECRET cb8541ccf52647af65bfee636671fe65294402413ab9a00e8b17e1b147c9c506 a63008cb267a4cde7ca198274e93155f6fc17b92b19d4153afc466312b177fc2180eac019399dd0b7c4dfca910199114
CLIENT_HANDSHAKE_TRAFFIC_SECRET cb8541ccf52647af65bfee636671fe65294402413ab9a00e8b17e1b147c9c506 1126fe8ebb47d4580e61dbcedcf752ba07f0e417f45db3555cb64c87120211d1bbab5900da196084a497dcd0ae0b70eb
EXPORTER_SECRET cb8541ccf52647af65bfee636671fe65294402413ab9a00e8b17e1b147c9c506 a3f77701d0ae05dff239cde2e0a7bc056f863c2ac6e98a5445d03454cccb1071332ad868b4d3adec1d9d0165d4d83b9b
SERVER_TRAFFIC_SECRET_0 cb8541ccf52647af65bfee636671fe65294402413ab9a00e8b17e1b147c9c506 58f0aa9db677705fed205e8a6ccbc2d233623f42c24b691f473f9c6dee8bf460cfefc6d6aa99e01215650e276d829274
CLIENT_TRAFFIC_SECRET_0 cb8541ccf52647af65bfee636671fe65294402413ab9a00e8b17e1b147c9c506 084f44553d9e72e6cb373de249602d7a9a1129ae34c32a3f9e1e84ea2327d62eae1c84d24738f40d7b6dcfa18887066c
SERVER_HANDSHAKE_TRAFFIC_SECRET ba4e06a7baf1426763e9abeaa12b0847ab78f9e7d5a9de58ff1770e7c647f243 a0c4632ae0edfc6c158ea4589cfd0f7fbd70120c9396507fd3d0c3b851094782bb36a420e2200b28b3ef9f5e8009dd9d
CLIENT_HANDSHAKE_TRAFFIC_SECRET ba4e06a7baf1426763e9abeaa12b0847ab78f9e7d5a9de58ff1770e7c647f243 7ca0f085cff7dad93ef991adaecdc2f59d1498ab0fbe000cff949e776ce93a6f9fde1a0e3d80e30b5980440b2b8dd0ad
EXPORTER_SECRET ba4e06a7baf1426763e9abeaa12b0847ab78f9e7d5a9de58ff1770e7c647f243 54352ebefa8f7d072d934f7ccaca36bb5df52fc883d950dca7a8321be6753e7849cc9a3211d8771d607d1771994134a7
SERVER_TRAFFIC_SECRET_0 ba4e06a7baf1426763e9abeaa12b0847ab78f9e7d5a9de58ff1770e7c647f243 f9bf842d546798a8d54e91f78ad3d7d5fe8d0b9e22e392305f92f14e9560015ee26d919aa46a0892a323197e5b3992dd
CLIENT_TRAFFIC_SECRET_0 ba4e06a7baf1426763e9abeaa12b0847ab78f9e7d5a9de58ff1770e7c647f243 5ad217857e50d1548e41febc19d498a3c7cd131de957677468c49de58104a419e887f7176a1e3b2daebd776a98971447
SERVER_HANDSHAKE_TRAFFIC_SECRET 60962f7e1b437061ae85da8500b75672e0b2f8d3514eeede6ef9a748ffd16ec3 5028d34c8d500531502999ee4cdcd245be39deecbb57b4a20c897f0053ba41eb8f208109789cb8302b56b0d5c5eae6cd
CLIENT_HANDSHAKE_TRAFFIC_SECRET 60962f7e1b437061ae85da8500b75672e0b2f8d3514eeede6ef9a748ffd16ec3 37b8b30eefb166aa26871c10015bc2a262fbfa16af58062d891096cd18e14df4b29d3989cb2b73d944f2df5705a64d32
EXPORTER_SECRET 60962f7e1b437061ae85da8500b75672e0b2f8d3514eeede6ef9a748ffd16ec3 548329ac8f0d251a7083d190523e9a3e812b9d307b3a230b2eeca4069c1d74bb2e7f62590580b264a9bad8feff012e6d
SERVER_TRAFFIC_SECRET_0 60962f7e1b437061ae85da8500b75672e0b2f8d3514eeede6ef9a748ffd16ec3 d9eb21174bcea9e024b05941e9d9693286878c3b55b84bd77c9c57341e3942f2f6959c5d38d1f9be29c725a76a494ddf
CLIENT_TRAFFIC_SECRET_0 60962f7e1b437061ae85da8500b75672e0b2f8d3514eeede6ef9a748ffd16ec3 4f257756f1f3399e70d7fd3e7d7f6e5a956fb26f93aff73e90c4420ce607488ecc685d2eba7bb87c7538a3dcd666c194
SERVER_HANDSHAKE_TRAFFIC_SECRET bef4421be21aad3c016f315bd365525126f530883e683a228058dc551919373f b7e1359bca1fe9d98fe12c0d5d50e336f50ec34192561ecc6453f86ad6ee2cf3dbf1d495ce63ba9c45b1a0f45bfeabc2
CLIENT_HANDSHAKE_TRAFFIC_SECRET bef4421be21aad3c016f315bd365525126f530883e683a228058dc551919373f b28b76b0a05ea83a0eeab60aa02420a2de7f80eb29a52e297bbeea8f3c42e4b7b25edb49155787e8e62232e2a36b3cb7
EXPORTER_SECRET bef4421be21aad3c016f315bd365525126f530883e683a228058dc551919373f 64c041d9531cd7c8c989c8e6fb5df951f44732b21b68f298c5b28b995506969716d757ccf2b5c609bf78070589a690cc
SERVER_TRAFFIC_SECRET_0 bef4421be21aad3c016f315bd365525126f530883e683a228058dc551919373f 56af4228abbcba650179f8d04dfe78d2e108574a58d0ea646202b3c44f6636584611227a66079f8ee68b88969ed01495
CLIENT_TRAFFIC_SECRET_0 bef4421be21aad3c016f315bd365525126f530883e683a228058dc551919373f afa82b76543f10fabe6f8c309f8dcb9f6015a983ac1cb0a28c42353529e7bc5fb9b57099d0f72b71da07be70ff3f6319
SERVER_HANDSHAKE_TRAFFIC_SECRET f63499bbb86021c01f9d0588fe755b22f54e9e59af898770303dc8415e917c8d 92c0e670091cc02977467757876e7309eec306a3d3c8f691b8a3f0f3ced69d0aa29c01b68458ac48447a5c3d7ee0dbed
CLIENT_HANDSHAKE_TRAFFIC_SECRET f63499bbb86021c01f9d0588fe755b22f54e9e59af898770303dc8415e917c8d 872debc2670e906d3f9ca1758d926a5a519cce3b5a67db5d4e5c105853535ba7501c09df2bf8b3effe6fd1684a6b1c45
EXPORTER_SECRET f63499bbb86021c01f9d0588fe755b22f54e9e59af898770303dc8415e917c8d 0cc21146c9401abdffdcf1340f9cac05f1d4631d888458382ade1feb1a29782a4c658d7df977363d4a6dae3ff4c15a12
SERVER_TRAFFIC_SECRET_0 f63499bbb86021c01f9d0588fe755b22f54e9e59af898770303dc8415e917c8d 5be899b941eaead5a8082f571fe2fd1d988889f152c6f46170520fbc215709188b949cee3ca67e541548f7c5d9ce6fab
CLIENT_TRAFFIC_SECRET_0 f63499bbb86021c01f9d0588fe755b22f54e9e59af898770303dc8415e917c8d 46a71d66ce32f8594b22eec94701b3d3cea095fe35bcd3f3febfc0ef888c76f454f3572216052eb4fef1729e5397064c
SERVER_HANDSHAKE_TRAFFIC_SECRET 2743b85e7b395fba4a99c4937f15d43c9d72f83df9c04506ae9fd599e9977e70 6a583ab229c89b3cda46ea672d4ab76fd0fd232c8212eefb33f19a0ce7e5fd5ae0d4ee5a710b887be0957a400187ae30
CLIENT_HANDSHAKE_TRAFFIC_SECRET 2743b85e7b395fba4a99c4937f15d43c9d72f83df9c04506ae9fd599e9977e70 ee2318b949ba0d0ffac402f29832a32250a03c8ed4275a20229e1553f572171dc4d7edc27c96714c0191e2348b3e8eec
EXPORTER_SECRET 2743b85e7b395fba4a99c4937f15d43c9d72f83df9c04506ae9fd599e9977e70 858cbb50eb901b3b9fbd118fe74876b1885ca8be2eabebef732bd7484cbadfee2dd4aa3099fc262989e82b3b4559f763
SERVER_TRAFFIC_SECRET_0 2743b85e7b395fba4a99c4937f15d43c9d72f83df9c04506ae9fd599e9977e70 635c491afe311b2677281bd0bd3fcba4a270dc17bacfb941990127844574a7156dd0f93a02930b4dcbdc9aa915396f1c
CLIENT_TRAFFIC_SECRET_0 2743b85e7b395fba4a99c4937f15d43c9d72f83df9c04506ae9fd599e9977e70 17223ad23c3b82b9a27234f671bccb63e15a91b550ea9068b43975c319d886ee62e9a0f5f91f89cdb0018dbead22b16c
SERVER_HANDSHAKE_TRAFFIC_SECRET f45d0a71d6e8991aa22150e7c0df95fb043b1f02b63af684dea8795ba988c135 6d1527633d351bfaf5f08755cb9c8ee7de548bd72e6ab51a1e0ed54201ac6d549aec33f2e3e276aa85c8c78eab0dc6ea
CLIENT_HANDSHAKE_TRAFFIC_SECRET f45d0a71d6e8991aa22150e7c0df95fb043b1f02b63af684dea8795ba988c135 4fe9a1a0156d0b47c3e2758f295e296f4a75ffc28a5fb38ebe243fc50992643c86c03d2166db1685308b5ae960b61d6d
EXPORTER_SECRET f45d0a71d6e8991aa22150e7c0df95fb043b1f02b63af684dea8795ba988c135 6d2b64dba15f35fd1b84b5fc5c944d013a7a16bbd72af2ab12fce20c614b2409fe886b806094b7359925f3958162a43a
SERVER_TRAFFIC_SECRET_0 f45d0a71d6e8991aa22150e7c0df95fb043b1f02b63af684dea8795ba988c135 3b2917f187ab8290e11bb53b7c8a80ce4ea42fe7fb0f54f9c755eda7fa5867d443448fbeb64c6b28bb71d13b6605c2a5
CLIENT_TRAFFIC_SECRET_0 f45d0a71d6e8991aa22150e7c0df95fb043b1f02b63af684dea8795ba988c135 072a7727284eda5921c70d62a603cbe6534dfdc62e183f64cee5d605874668f80ac9d7cd71ff80b4debc9721c31c855e
SERVER_HANDSHAKE_TRAFFIC_SECRET 5943020a4a3cd8d605c9c5f4f0aa2a5c708337c5e04dc54f8d9b8a76d049edb1 23e600333d998a4480bb1ef19eb38590bfb47a273118486cc85b9b6bc2086af5bab6a848ffdf21343d560adb5b0b82ce
CLIENT_HANDSHAKE_TRAFFIC_SECRET 5943020a4a3cd8d605c9c5f4f0aa2a5c708337c5e04dc54f8d9b8a76d049edb1 6fd338f95fc340c69bbfa7c8d79c0843a794f2cf27703cee65748714d96ce8f1c7ba4b20f0d7884947a58b9a1a8a475b
EXPORTER_SECRET 5943020a4a3cd8d605c9c5f4f0aa2a5c708337c5e04dc54f8d9b8a76d049edb1 b7aec30476be004c838ce8d72ef2d8d0b65f5b6dfc8028cc6e5d41a169772afa214909a37651ec30b7793c56c242fb72
SERVER_TRAFFIC_SECRET_0 5943020a4a3cd8d605c9c5f4f0aa2a5c708337c5e04dc54f8d9b8a76d049edb1 fc7b4ccdec0c99acebbcda3081301ecb37513a77e9337f5259230fdf4a9fddafc42c887733fdcae625875846297f2d9f
CLIENT_TRAFFIC_SECRET_0 5943020a4a3cd8d605c9c5f4f0aa2a5c708337c5e04dc54f8d9b8a76d049edb1 b0f7031e07513b3e3f77ab059439254358de8002b3e239c699e930c18df3c8eeaea904204eaa1204bb614ca834953a7d
SERVER_HANDSHAKE_TRAFFIC_SECRET be9e31b680b64107409c9ec4df69b8609d6a5164a243bc1978cfacc5a7a92830 0c305cc91a03be265bf116a96b4e9021ca9e2a5f1976fca0cffde54d66a508c12b5be409716a4a5bc7d7e233640a6e57
CLIENT_HANDSHAKE_TRAFFIC_SECRET be9e31b680b64107409c9ec4df69b8609d6a5164a243bc1978cfacc5a7a92830 68331d6cb0342b48ff7bea391af954654ce77ea0530a3a5e1025b3abd6524dd0dac268616e0b9b000463a0e1ba06367d
EXPORTER_SECRET be9e31b680b64107409c9ec4df69b8609d6a5164a243bc1978cfacc5a7a92830 fe5fd1eb8d648d9cb7b624213b30e72426ce108826d268061f42549b6286e89ba057cae8cffeaae2c3d0ad76e6c991bb
SERVER_TRAFFIC_SECRET_0 be9e31b680b64107409c9ec4df69b8609d6a5164a243bc1978cfacc5a7a92830 4649ce7fb7962d7e22f3a1dd863ad7e6857a639231e72e9bb938a3a3cdc7dbf4c47f52a0b24c540e45b09492b131435f
CLIENT_TRAFFIC_SECRET_0 be9e31b680b64107409c9ec4df69b8609d6a5164a243bc1978cfacc5a7a92830 a4792d78012446cd3a62e526550614efed8c409d57264c8e60bb0da7ea0fc5d888569618cf297fb4caec5bd73c135d38
SERVER_HANDSHAKE_TRAFFIC_SECRET 98954d76e6179260569ce70b93638473af077c05369607ddf946e9fbdeb58294 394d48f5644e9af5a3fa602493f9807e20da88a4a9cd8bd3d311493fa457336ad9afc552ab4b071935634ee7e02c3500
CLIENT_HANDSHAKE_TRAFFIC_SECRET 98954d76e6179260569ce70b93638473af077c05369607ddf946e9fbdeb58294 6ef48aefbff2d2a9861329ba3d43af4ca9185b99ce0b214d30ce8e31f14b3159b00226f38d429ef25f87c7d8559c2000
EXPORTER_SECRET 98954d76e6179260569ce70b93638473af077c05369607ddf946e9fbdeb58294 8f0d3b5c2e6084090efe228c48f0c3f998156fbb2fff0384af8441facd95e0d6db6a9f33a6751ec9d35cc4af924efd5d
SERVER_TRAFFIC_SECRET_0 98954d76e6179260569ce70b93638473af077c05369607ddf946e9fbdeb58294 b5f7bab2b28f289a1545442deae6a257c2af241ae533dcd7afc81886aafea7cdbc55edf9330ec81661ceda89d1f45e16
CLIENT_TRAFFIC_SECRET_0 98954d76e6179260569ce70b93638473af077c05369607ddf946e9fbdeb58294 e0f30d029face843596e65189880625e9919a15e0c11050814c983b2e0fe0697a1ea3133732bc4ae1789b607a2999d2a
SERVER_HANDSHAKE_TRAFFIC_SECRET 5888a2ebdd472433b8cf863820772a2dd07e540638a4e3a84fa98fe2b8d0ce04 ab18b1d1080abf153f761c6645f58563230849f078a3c2e35dc3ac2041214c1c22ef16853a7319c870c015f04bf4945c
CLIENT_HANDSHAKE_TRAFFIC_SECRET 5888a2ebdd472433b8cf863820772a2dd07e540638a4e3a84fa98fe2b8d0ce04 a484d2eb332f9a767b71facf8ccd2ebe9503773f0a3caac17eb995d3e0bc8537d42b137ffd3361a7570b4b11e9bedddc
EXPORTER_SECRET 5888a2ebdd472433b8cf863820772a2dd07e540638a4e3a84fa98fe2b8d0ce04 6bcb0d8cf2e619cc23148bc4883b0ecb015fc251a8fdc689efbf55f8780064c6d44304902d5f7e1bfe0292e3245f758b
SERVER_TRAFFIC_SECRET_0 5888a2ebdd472433b8cf863820772a2dd07e540638a4e3a84fa98fe2b8d0ce04 e17c57b4d712bb0435d6667030f61e8e2462ccba16c573b2cce24630712ac68b3daf7275634a16cf4e1d8d146fbf5f4f
CLIENT_TRAFFIC_SECRET_0 5888a2ebdd472433b8cf863820772a2dd07e540638a4e3a84fa98fe2b8d0ce04 b791f6ad74c698ef7323b5b8f99240fe2836edc9b36c3f206d5458a2fe7093ba49d73fa6dccfff61b1c7d13f63012256
SERVER_HANDSHAKE_TRAFFIC_SECRET f3620891f3e5e9c26f515aa7d9971fb8404302a5a96c8ee8923c5319131da97b 4ca78b81591ad153de230912257d85ad65d4cd0c03afba0847b3d8558c1702d37a6b74ddac6cb3337159df5b0fe6a2bc
CLIENT_HANDSHAKE_TRAFFIC_SECRET f3620891f3e5e9c26f515aa7d9971fb8404302a5a96c8ee8923c5319131da97b 12717a4ea700f81014fea7f5844e9785e72bc1b808b0046a73d1a72c9e46e4fb903f5d0f20aa67ee4b9e8369ed5be0db
EXPORTER_SECRET f3620891f3e5e9c26f515aa7d9971fb8404302a5a96c8ee8923c5319131da97b 97c4bb481a93ba0092b41ea2ac1e0a1c2fea1390b6cce5c476924b6111e248afd8727a9cd4ade3a140f9dd78aa487e53
SERVER_TRAFFIC_SECRET_0 f3620891f3e5e9c26f515aa7d9971fb8404302a5a96c8ee8923c5319131da97b 270dd2d9fba3ac937afa24a1ffe653dd79b049ffed0f6a207a23ef3652d7b9221d79b0bf168f6f0f1c7d59804edf87e2
CLIENT_TRAFFIC_SECRET_0 f3620891f3e5e9c26f515aa7d9971fb8404302a5a96c8ee8923c5319131da97b 609b63835806f1596a2f8c1b63b797a6836216d7a8c9641bcfb471a4e0f39a8a8bc030dcf1711974fc84c356a914c3ae
SERVER_HANDSHAKE_TRAFFIC_SECRET 746f72f3cc6d94d2b58d3aa44d24d73637b731b2d6a956df61462c20f75ef4e0 0450cc158145249c478ea41b5a11d5c48182928cea1243087e0eb410644e6f4c2bf59406b466897a848e8c3691bb2a49
CLIENT_HANDSHAKE_TRAFFIC_SECRET 746f72f3cc6d94d2b58d3aa44d24d73637b731b2d6a956df61462c20f75ef4e0 6e09338aa96c09fcf874c358e384519cb96d6cba9ff1ba2ed4f345ab7dad3a766799038dba5212875745199bb36387fe
EXPORTER_SECRET 746f72f3cc6d94d2b58d3aa44d24d73637b731b2d6a956df61462c20f75ef4e0 c3c1ad7c8eb6db3675ad07ef8a7f74f09d7752758c2b001b8696456341010cf06ed3b0fc2977e3ca002ec7109a521c80
SERVER_TRAFFIC_SECRET_0 746f72f3cc6d94d2b58d3aa44d24d73637b731b2d6a956df61462c20f75ef4e0 b53f0fca1537936ca09e888736b370b044b8499f4e55ac76f57e1b411cd4934cdf9bf2fc9037dff76bd5ced7f35175b6
CLIENT_TRAFFIC_SECRET_0 746f72f3cc6d94d2b58d3aa44d24d73637b731b2d6a956df61462c20f75ef4e0 80ccf6dc800281c244af895345f40d0e6ee540e43333d0ec2bed6a640e017cc3dcd3f3869b8fdfe9988effbf9e042085
SERVER_HANDSHAKE_TRAFFIC_SECRET 2398402e23df9cab257d1761b66eddb593db86cd25473a90209ea04692fa5140 a6be102e70f375eb3e2a31bcd235d4b914372d54ff5e57d7d8960447a16b205e5baa99199d0d6f3b2a63710ea33db901
CLIENT_HANDSHAKE_TRAFFIC_SECRET 2398402e23df9cab257d1761b66eddb593db86cd25473a90209ea04692fa5140 1ce1ecda2d3439c8c78dcb362155918d2f4bc9e9c1eccc6e8c1fa83e089ec18d5f2c8cb01abd3bbaea51ff6b195d3dac
EXPORTER_SECRET 2398402e23df9cab257d1761b66eddb593db86cd25473a90209ea04692fa5140 f73bea83de91e30a201a25af3a47ec58a8e5eef3f29e0b6449ebd10089ea19a0aafd4e383242a4799daaa4f571cae91d
SERVER_TRAFFIC_SECRET_0 2398402e23df9cab257d1761b66eddb593db86cd25473a90209ea04692fa5140 5547bb94d2f334c8dd8913bfe0e118d06045604a4354f86d2636439b161ed3d992c2058aa4d97f0ff7e2fa97c4ad225a
CLIENT_TRAFFIC_SECRET_0 2398402e23df9cab257d1761b66eddb593db86cd25473a90209ea04692fa5140 d19d68a13f7b262784d6eb80a9335230b2b5369902482101c19e76a8c166cbbe3f3777c329c048e801f818872266d34d
SERVER_HANDSHAKE_TRAFFIC_SECRET bfb87aaf08bb904bf503e471684a5ab5d2c2a21ac3f22d2151d76ce89367d2a1 568a1d6baa769ffd0338b976a4f80ed71db6e84606da8f11957484ba90e6a2e1e9a42d2841854fa6802c6199877ee8d6
CLIENT_HANDSHAKE_TRAFFIC_SECRET bfb87aaf08bb904bf503e471684a5ab5d2c2a21ac3f22d2151d76ce89367d2a1 71b4135070145df1996db2c8ca4b6dc0c2b258f2962ec38c228f3826444e2238061b6b53f3b833a89fde502863469c62
EXPORTER_SECRET bfb87aaf08bb904bf503e471684a5ab5d2c2a21ac3f22d2151d76ce89367d2a1 7e7a62b49933b1d73a7eb0fd78c4246a31cc6f9551dd96bc729287654bfaf7e504f0d3ccaae65d69df5d122dc20501bd
SERVER_TRAFFIC_SECRET_0 bfb87aaf08bb904bf503e471684a5ab5d2c2a21ac3f22d2151d76ce89367d2a1 4ddea3e84df46917b648fde190a7aee54ca2bd80230254de67b42ac556f4006530128ef641b2b1c2e71f1fa22a990d93
CLIENT_TRAFFIC_SECRET_0 bfb87aaf08bb904bf503e471684a5ab5d2c2a21ac3f22d2151d76ce89367d2a1 e9f187b8c085517f79f2e1268fd043391dd61ac29041cad99c1797ce17f2403c6742681cf88a8bf8c0e592aed3966a9e
SERVER_HANDSHAKE_TRAFFIC_SECRET d477d09d34052eb57c900c4ec949088989eb1dbe29a37cc98e8c06aedb371a82 3bfb8d1171bd0fcb6cb1c00d6306feee37641a9e70c040ea981720dedbc9f725a39e3e6225f28486eb861b220911c93e
CLIENT_HANDSHAKE_TRAFFIC_SECRET d477d09d34052eb57c900c4ec949088989eb1dbe29a37cc98e8c06aedb371a82 95668a62ce281346067dc014d2d5e9e5126f1b41d993ed0eb2f825660a8776addcefdbc762fdce4f9f5c0f128d6db550
EXPORTER_SECRET d477d09d34052eb57c900c4ec949088989eb1dbe29a37cc98e8c06aedb371a82 51c2cdf82199b0113e563ea26deb971fced085c2b14bdfb4874ba0bbae2ce0d56b665baae6f27957eb77c863c708431c
SERVER_TRAFFIC_SECRET_0 d477d09d34052eb57c900c4ec949088989eb1dbe29a37cc98e8c06aedb371a82 93bf0ceed93e027fc9cfe55b75b9979cab7d39a38975268c524e49ddaf76315f0ff29163df66b46f2eb7d9b86a46c41e
CLIENT_TRAFFIC_SECRET_0 d477d09d34052eb57c900c4ec949088989eb1dbe29a37cc98e8c06aedb371a82 3b384701e870bf5072892b6f2b48f8372d04916b554dc13a7abcbc79a3ebd211f20aba9c1b362784e2fc5b4f17af0893
SERVER_HANDSHAKE_TRAFFIC_SECRET 8ba943aceda13364265e88d231ac039b22272fe9b4738891f3754f672a56c6e3 7b77de9f8db6e69a4296a8f23760874a3616ac60340c736fb373142bb9d006fddc2d6dcfee6a32a83b169f29409c1706
CLIENT_HANDSHAKE_TRAFFIC_SECRET 8ba943aceda13364265e88d231ac039b22272fe9b4738891f3754f672a56c6e3 e406bb867b957b77e9c58696b118d46b4466fa0f4c8c1964e0487d5a48911a332513194b0da4dd2936a75381b33962f7
EXPORTER_SECRET 8ba943aceda13364265e88d231ac039b22272fe9b4738891f3754f672a56c6e3 469bff71bcb16b6d7ad36ec58bf33c13e6c5df22aca72e2ffb84555519ad25f7ef2046d1f4c0b2c3ce51a2f66a9254e9
SERVER_TRAFFIC_SECRET_0 8ba943aceda13364265e88d231ac039b22272fe9b4738891f3754f672a56c6e3 35660d925a4c6266e8c784a4bd3c135e8ac8e261df88c3979f23659b5c51bf12a3af46915f80daedb46b48dd8bf39421
CLIENT_TRAFFIC_SECRET_0 8ba943aceda13364265e88d231ac039b22272fe9b4738891f3754f672a56c6e3 9c38a1764e2b30e74121a9c6f202dce72d977ec42c86de648c8a04172645206aa7db2fd61587b90a44e4e707c8773315
SERVER_HANDSHAKE_TRAFFIC_SECRET c8e487f59f43092b8fe9d9f6eaf7091adaeee81048145b303c8f176fc522f6fb 337d34b1523466b3ce826f2fc0832f0e081d17b667a9420c7f456b51e24db49db459e4c846f8ed0e04b87f9b75c7848d
CLIENT_HANDSHAKE_TRAFFIC_SECRET c8e487f59f43092b8fe9d9f6eaf7091adaeee81048145b303c8f176fc522f6fb 487cafe970023446cceb14d6710f36f194d97945ff31c6b10365340f6412a5ad7e77bfb315603431a283ba1bce683b55
EXPORTER_SECRET c8e487f59f43092b8fe9d9f6eaf7091adaeee81048145b303c8f176fc522f6fb 15b7e4ddc27aa094806d0e3924cbcf61d196272de7db2b0f66560a7cd0b243e2d76212ef3ea7710af880d6d5a14ba770
SERVER_TRAFFIC_SECRET_0 c8e487f59f43092b8fe9d9f6eaf7091adaeee81048145b303c8f176fc522f6fb 65042cfe31c081e0f3d9765b8ea66920794f4f740a447e2e9c7d600d9b9e823bc6b55e5268f90fdfe9754d157f6de841
CLIENT_TRAFFIC_SECRET_0 c8e487f59f43092b8fe9d9f6eaf7091adaeee81048145b303c8f176fc522f6fb f4764f2bf54ea8a71358d6d5ec161301b58d2cbed1e9ce140c9d0c6c41e9e2ffec6df3fc300a1b0db7af07d7d5dd429d
SERVER_HANDSHAKE_TRAFFIC_SECRET b4aa707bab8eeb746b9e575358f0f1ac6c312d6daee0855b0a32ea554db175a6 0116a092d273ada41ee5c08684ce61af4d03c5af61c5b4e929f4856a5037949e0f047e8842a32ac84fab51adb22739e0
CLIENT_HANDSHAKE_TRAFFIC_SECRET b4aa707bab8eeb746b9e575358f0f1ac6c312d6daee0855b0a32ea554db175a6 fdcf0af95d7674f4f6469534b5d1f0cedc216714372431064aff18ade960885495099cf79bf98b04974596cbf0f38dee
EXPORTER_SECRET b4aa707bab8eeb746b9e575358f0f1ac6c312d6daee0855b0a32ea554db175a6 1559dae95a49678a52e75e29356c3fbddd879b141a673645fd678141e45225cf3aba7a95542c0f6043f524d88c2c287e
SERVER_TRAFFIC_SECRET_0 b4aa707bab8eeb746b9e575358f0f1ac6c312d6daee0855b0a32ea554db175a6 a027ef75c774884045814ed41c95f06846b329a47f8c4a3aaf86dd04cdb10c9bda62daca372bf87ae664b69475b6e52c
CLIENT_TRAFFIC_SECRET_0 b4aa707bab8eeb746b9e575358f0f1ac6c312d6daee0855b0a32ea554db175a6 004155a85318cec7681522c3bfcd2d98488799372cf8d0b7a6008978c0e622f1c4294fd3fd0538624729659a5b3248e5
SERVER_HANDSHAKE_TRAFFIC_SECRET 654d5a5705682e05f6de15cb13462d30f9c07765d58e6aa8e79539ce01af2582 3b2c042883f05b1afe7057f61008532787fab6b2e134bd1ea25c6837c13870b7c5d9c5f525c4e75e8f7eb12094dd1fc3
CLIENT_HANDSHAKE_TRAFFIC_SECRET 654d5a5705682e05f6de15cb13462d30f9c07765d58e6aa8e79539ce01af2582 cff4dad3c500cbd39b5f3e627123ca44bc9a64eb54654ff49a4d0b2ef7510a4af6e5fe81e10f06c0b7d4bb208dfa2772
EXPORTER_SECRET 654d5a5705682e05f6de15cb13462d30f9c07765d58e6aa8e79539ce01af2582 18c0e382f718ffece9ffe958533e9fe03185125182fd7b8984419efa693bcd547a99f9d828a4e84514f8feb7d56c1046
SERVER_TRAFFIC_SECRET_0 654d5a5705682e05f6de15cb13462d30f9c07765d58e6aa8e79539ce01af2582 722cdeabaa7fc0e11645a9de79d6ccf0c72e28f1d73c3ab7b3e07a2f9af169501f1d35fb356bd7e2834f622ed94a3a60
CLIENT_TRAFFIC_SECRET_0 654d5a5705682e05f6de15cb13462d30f9c07765d58e6aa8e79539ce01af2582 7a6f464b26ceb6246b1dc2d5cf0ec3ad8937e31f6c433418d7df2774b858d95452889a379ce38e2917623b8c8f10d0b6
SERVER_HANDSHAKE_TRAFFIC_SECRET e772f1bcee3da70745a30212aed0ffbc442aa15accfddeab8f04ce4df508adff 0b9ef3d1547cd1e545ebf7481ed7365d4e053ec604687cd0a9bb552c972325804f99aa1b56e92d87d1afa1962f0a510a
CLIENT_HANDSHAKE_TRAFFIC_SECRET e772f1bcee3da70745a30212aed0ffbc442aa15accfddeab8f04ce4df508adff 2bc182d449de9b1b601fa682adb33a0e508ae35ff44a406d1a880394578aa539d98f78a26f5c77575c33e1237144c45a
EXPORTER_SECRET e772f1bcee3da70745a30212aed0ffbc442aa15accfddeab8f04ce4df508adff 309217d8a7f1010e90ea208127822d2dca8eabaa62c321fedc6aa1ac17bb1be96ff0e9652b8c9c268aa0f0dec7be901d
SERVER_TRAFFIC_SECRET_0 e772f1bcee3da70745a30212aed0ffbc442aa15accfddeab8f04ce4df508adff 4b9882dca651e0ff20fd71c918e96144b1d6d55db2b6cd2f9f56137984499dee3213873e0bf7c5a47ab2c05ff216cbc4
CLIENT_TRAFFIC_SECRET_0 e772f1bcee3da70745a30212aed0ffbc442aa15accfddeab8f04ce4df508adff 492159af2ac8dc540ba12665ff2b961d3f2a4398dca0a57b9d8570da7e641d100d3758cd54462336f025387cdce755a7
SERVER_HANDSHAKE_TRAFFIC_SECRET 4d363ea9b168597a140f3b0eaa29ff96464f38fb1c749bdec60e6c54c76306a2 83a89ed0ed4d94830f702600eed1b00afc3eedaf8b78af32bf10b0f2313d4765adcdce24b666782d1625f895f8ca6306
CLIENT_HANDSHAKE_TRAFFIC_SECRET 4d363ea9b168597a140f3b0eaa29ff96464f38fb1c749bdec60e6c54c76306a2 3a4ed127857dee44f2bdffcd27c9c0502b958a47c73fabc0bbfe99fe672995fb44a4e3ec25312b4b6581e6638711ff77
EXPORTER_SECRET 4d363ea9b168597a140f3b0eaa29ff96464f38fb1c749bdec60e6c54c76306a2 ec058fc97951c637957260801e25c3149f1eb40c5275473e5348478c835d9b699c884b9c33b67b87f89930b1f1c3a636
SERVER_TRAFFIC_SECRET_0 4d363ea9b168597a140f3b0eaa29ff96464f38fb1c749bdec60e6c54c76306a2 ae44f20f3b1b7b2c3cda943d7ed866801985e72c9a3e8cac5930cd7bc9833568f627b5f63be5c5405a7006ff7e3816ab
CLIENT_TRAFFIC_SECRET_0 4d363ea9b168597a140f3b0eaa29ff96464f38fb1c749bdec60e6c54c76306a2 238aa970aa89c5da84b7025e16fbee14066b040ce695f7ab457c4a2ea65b5a486e3758d3bded3cf02a0d2c0364247f0c
SERVER_HANDSHAKE_TRAFFIC_SECRET 1ac270974663ac7fba3bd5327c8fb265fa683c3f4db352d78b5634ec6b0108ad 9e4b736b69d341d7eafd36d6faebfb7a5fe032a0235972790a9eb26552dab2dd84906f883cb7d99d5cf012b718a22163
CLIENT_HANDSHAKE_TRAFFIC_SECRET 1ac270974663ac7fba3bd5327c8fb265fa683c3f4db352d78b5634ec6b0108ad d6df473bc4cd02c4cf5f8f7a9d905d2f93cc1daf8f0fc4429151181359bd3313964b717177d83a81880ab40afe9fc855
EXPORTER_SECRET 1ac270974663ac7fba3bd5327c8fb265fa683c3f4db352d78b5634ec6b0108ad a64e34177d46a0837d4b16b4ab9330d8c7ba19224b21c53e8f2812fa98b3ff7b81197c969fd49761299c33d39b3d6da9
SERVER_TRAFFIC_SECRET_0 1ac270974663ac7fba3bd5327c8fb265fa683c3f4db352d78b5634ec6b0108ad aaffa8a9f603dca30bf3d454a39e4432ca7740ece66194e4666c59ea0cc4ff2048e275e4eb558b11237821c2b5931ad2
CLIENT_TRAFFIC_SECRET_0 1ac270974663ac7fba3bd5327c8fb265fa683c3f4db352d78b5634ec6b0108ad fb8c557d3f397349fdce26bef03ff1d17d1d64c8656cf9ca43264edc8d76fa4953551ba06826f36f52957c2417cd52f1
SERVER_HANDSHAKE_TRAFFIC_SECRET a51330590fbd7f32a28e1eae1d712371788599d2ae4b476910b5803e42efa87b 664895fa4b7d5293e14e9ee533de70830dd8117c7f1e8471a424ed7c703038860e296b475da673190fcfe741886dc975
CLIENT_HANDSHAKE_TRAFFIC_SECRET a51330590fbd7f32a28e1eae1d712371788599d2ae4b476910b5803e42efa87b 849f62d732d95d92b9117e0f754bd702d5c9aad7e319149bcb7c77b9124fe1ad0fd14dfbc02985cbe8e7f1c9af0c36de
EXPORTER_SECRET a51330590fbd7f32a28e1eae1d712371788599d2ae4b476910b5803e42efa87b 7af2e7e3f894c11c6fc6edb708d1da1df02c3e3dc36f6f90eae4f5bed05ed97ba059370992e0fd0ae4d41d6ff31d3a7c
SERVER_TRAFFIC_SECRET_0 a51330590fbd7f32a28e1eae1d712371788599d2ae4b476910b5803e42efa87b dde489e22768ec9e370bb32d479645b683fa078b631d1ce41d26f0725ed0b4f6f873e9ec5add2ec8d9f3d47c415e21ce
CLIENT_TRAFFIC_SECRET_0 a51330590fbd7f32a28e1eae1d712371788599d2ae4b476910b5803e42efa87b 01e6543c2914b2c0e11c3b91f43c483933a28877652b9ef1d895cf201ca971c212bcb2b75f81db506097df073251ab38
SERVER_HANDSHAKE_TRAFFIC_SECRET 3e181fa777f9a7ce8fc8237ea16bff2400758c9f338f51fbd98b8a9298f3b87a 4a2b70d135988fdefbdb71b43ac099fd3569616062b72fd68eb7e53fd6cfe097997e2dfb55a19f011df7805e85a8f358
CLIENT_HANDSHAKE_TRAFFIC_SECRET 3e181fa777f9a7ce8fc8237ea16bff2400758c9f338f51fbd98b8a9298f3b87a 8df74bb86b33d958aee105c0e22c8eff40ae16ac67fe7b4dcbdca987178241bceda45857f6e498a3707ebee170dae5cb
EXPORTER_SECRET 3e181fa777f9a7ce8fc8237ea16bff2400758c9f338f51fbd98b8a9298f3b87a c5fff220fd9937e4340fc77c27ad8010399b0ecffdab9d68dc178fb76d59629ee51742c4923f41c826ba9c18bb504167
SERVER_TRAFFIC_SECRET_0 3e181fa777f9a7ce8fc8237ea16bff2400758c9f338f51fbd98b8a9298f3b87a f34590e6851686f92b2b154112e07623ed66961f88b3e590ff8b0ffb1efc23ace32096437e13fecac84c4d67b1e09fde
CLIENT_TRAFFIC_SECRET_0 3e181fa777f9a7ce8fc8237ea16bff2400758c9f338f51fbd98b8a9298f3b87a abaaee27ab4d67e52861b0e08d750743a7b1beccc4ec4a304359c834606b7e0c02cb857e1a317bc2b38968fd251787ad
SERVER_HANDSHAKE_TRAFFIC_SECRET a41359afe9c312906f8cf5917774f71c57e144f63dd69e638f4c754f5ae1b0b7 ca24adcd166dc3090449c3d0552f062d180eab0a3b1f4079d474a8b179eba925b34698aec1d66e668c2f1121e894c003
CLIENT_HANDSHAKE_TRAFFIC_SECRET a41359afe9c312906f8cf5917774f71c57e144f63dd69e638f4c754f5ae1b0b7 810f29eaf962d56cb79b964e3f299561b832fa0464bb7998b5763cbfbf5d5bafeaab81cea4c134941f17320a46cd0a2c
EXPORTER_SECRET a41359afe9c312906f8cf5917774f71c57e144f63dd69e638f4c754f5ae1b0b7 53a377b202a946ea20fc3e69a4bfd6a1341625c5fafb882115dc63d8949222c96cff2c36d31e6722fbde039f09dbe54d
SERVER_TRAFFIC_SECRET_0 a41359afe9c312906f8cf5917774f71c57e144f63dd69e638f4c754f5ae1b0b7 a6ddfd72aad9ad143dd132625a655d423df723db148418b84b54db2b9b47723e319ea9bed3be7c2e23921e3b09faf965
CLIENT_TRAFFIC_SECRET_0 a41359afe9c312906f8cf5917774f71c57e144f63dd69e638f4c754f5ae1b0b7 df86d7ba39f6cd20e2115e0c0e796ac26dab8d7a2c821ab2b549fa19f94ee8fb2b38b5c50dbcb095d0c899005e2b20db
SERVER_HANDSHAKE_TRAFFIC_SECRET 964d6812ffdc6e1bb60610cb2db2399b489e623b1e4dfdaf644acd79fd0812be 544aca4ad52b43108c5d2043b6b003929bbdfe9f19ff97b40fec88432acf114bcae34841d06a3d6a42faf6fe6ef06bdc
CLIENT_HANDSHAKE_TRAFFIC_SECRET 964d6812ffdc6e1bb60610cb2db2399b489e623b1e4dfdaf644acd79fd0812be 3945d318f01d92f94c3bafdfd80a97f08877c5f07861cba961bebb8467c712fdb6b1f8a6b7efe95edc4a16f5af326593
EXPORTER_SECRET 964d6812ffdc6e1bb60610cb2db2399b489e623b1e4dfdaf644acd79fd0812be d353252587a6a12db1df5e439d51e79b0a791270955cb252d35aa0b4c22b28e26796f13b8e0dcb53f68e55b06033a92f
SERVER_TRAFFIC_SECRET_0 964d6812ffdc6e1bb60610cb2db2399b489e623b1e4dfdaf644acd79fd0812be e20f07c617b1d6bdc719c3ec67da10e5e1de58b94f01cec6bcaf8eed40a0d1bd1c0c2c73c6717cfd7b596dd548c04abc
CLIENT_TRAFFIC_SECRET_0 964d6812ffdc6e1bb60610cb2db2399b489e623b1e4dfdaf644acd79fd0812be 7455da7492814fce4cd575b1ae34cc45ff805a4deb9ab903aacb7a1f4b71806a482ebde8d7b670d993382f65805a9e93
SERVER_HANDSHAKE_TRAFFIC_SECRET 2b092d002e0d3d4826e182e9c83ce206899fa281c28a4ae358fa7a64c139acf1 2ec55666d16865c665124d139d0f5a7d1079a61628164e85cdea72f350cd6e92eb358e1af102521c9290ab4c3f190b30
CLIENT_HANDSHAKE_TRAFFIC_SECRET 2b092d002e0d3d4826e182e9c83ce206899fa281c28a4ae358fa7a64c139acf1 6fe80f8ee6491bae8f03499045a799ac0ca2b5bd4d0bfa66c0988d90b86bfb4fae74bae6757e5e8ed287b73149d9ce74
EXPORTER_SECRET 2b092d002e0d3d4826e182e9c83ce206899fa281c28a4ae358fa7a64c139acf1 0c032adfb9e327df6391ac5b82eb00b8b5f64439d528ada8faa3ecdea9554a930fd09756207591b9c49174920f0d4471
SERVER_TRAFFIC_SECRET_0 2b092d002e0d3d4826e182e9c83ce206899fa281c28a4ae358fa7a64c139acf1 5bb992f6146b671abb46ebd5777c0f0cfcc5261e38fb2c3e72b76a7b5dbcfe589a1629fcccaa02a9375c8dc1b072b7b2
CLIENT_TRAFFIC_SECRET_0 2b092d002e0d3d4826e182e9c83ce206899fa281c28a4ae358fa7a64c139acf1 170c2b0054f9a72d4760958bd4ea3b76b7afd9399e6334583c4f328b14d2f9f835a5d6bb32a46f96debfb4c972acb878
SERVER_HANDSHAKE_TRAFFIC_SECRET 321a0cb703a568ff1a080a751560bb6147d1ca62d916582ffd4b628fe165adef f783db63cc2ecb532c192890f0b12c941a07ed6fb940fc1cc9da135bcb4807fc70b15b437cc500b6e297d3d5718aacb4
CLIENT_HANDSHAKE_TRAFFIC_SECRET 321a0cb703a568ff1a080a751560bb6147d1ca62d916582ffd4b628fe165adef 4f35a38e85fd1344d8f1de8640b1b488ed4d93ad71cabf5901fa9ebd9436a05a71abbdb4f419f981ce32993a86dc46c9
EXPORTER_SECRET 321a0cb703a568ff1a080a751560bb6147d1ca62d916582ffd4b628fe165adef 33e5b1bb81e6fdb428acbb2dc9db9bd5fbeb748c71bf4bd006c9001b9f523ba6202661602908c18c768bca8fa119b4a3
SERVER_TRAFFIC_SECRET_0 321a0cb703a568ff1a080a751560bb6147d1ca62d916582ffd4b628fe165adef a5e9944490c474f6b881e9b1244bd7b1447a35528dccfec989369f7c7ba596e89575e4ab8b46dd93a5d50b8851b42986
CLIENT_TRAFFIC_SECRET_0 321a0cb703a568ff1a080a751560bb6147d1ca62d916582ffd4b628fe165adef 4e3ff37c26c49ae6d2c4003cf4b7388672b34958b332e66eb8d58b43a50b9fa15ee6f620ca9170b57a3bc03773a357e3
SERVER_HANDSHAKE_TRAFFIC_SECRET 7d555325ffb51e072a1ea1addde87f5e891514952ec696327b38d14fe2ecd65a 8786c44fae14a295dd2a93e8bf43f995e3c58b819ab632cf7ff16b89eafce40da94246b9d9c28d97a496a273a5c3a3b3
CLIENT_HANDSHAKE_TRAFFIC_SECRET 7d555325ffb51e072a1ea1addde87f5e891514952ec696327b38d14fe2ecd65a 40f9c334ad758453be86e403bdf8ade1e5e318adc740a1f5ef969c8832c8baf163278c3dfe09e4be2ebbca07913e2ce4
EXPORTER_SECRET 7d555325ffb51e072a1ea1addde87f5e891514952ec696327b38d14fe2ecd65a f8d71539b698cfd64976a73bc02fa5c1173a71448d1939ea591946989cb188ed30263bd51a6991584da3b5cf9de696d9
SERVER_TRAFFIC_SECRET_0 7d555325ffb51e072a1ea1addde87f5e891514952ec696327b38d14fe2ecd65a 29fb0146fb9902e5decb95eafc370804828c4c5074026ee4a1e4b4fdef4ca114b61692b713f84659125b0d4207ec425e
CLIENT_TRAFFIC_SECRET_0 7d555325ffb51e072a1ea1addde87f5e891514952ec696327b38d14fe2ecd65a 291253b83f656a4ee169b72d0613b3aed94a8c433428d55699ea23bfc99fb43327d7341d8494c30f7c6a92e7bfc8f457
SERVER_HANDSHAKE_TRAFFIC_SECRET cc14149b53061a9d51f6d46a182f54188d4df37c9edbb128cdd870be926a238e 0308752921c47537c6352f52c74fa42df5e52e56dd490a2818056e4aa8642181980ca899eeda9025bc23bdb6ef49a8d0
CLIENT_HANDSHAKE_TRAFFIC_SECRET cc14149b53061a9d51f6d46a182f54188d4df37c9edbb128cdd870be926a238e dddbfd9d2937e7e8eb737c4559050fe11a672ac08ac4939f27c2e9c149b505f3c6012e6bef3b6661ebb0d0e8a91a850f
EXPORTER_SECRET cc14149b53061a9d51f6d46a182f54188d4df37c9edbb128cdd870be926a238e 7d91be48d3146ae7a173f41e62782b14a83f9ac74155e461d137eba04bda9a92a53cffaeb1806734cbdba1f63f5f2936
SERVER_TRAFFIC_SECRET_0 cc14149b53061a9d51f6d46a182f54188d4df37c9edbb128cdd870be926a238e 15cf6a850c51e217589b14db95fd50ce975444a546d67f84fa815c098707950bf362349594a28c7006f7f23a975f4745
CLIENT_TRAFFIC_SECRET_0 cc14149b53061a9d51f6d46a182f54188d4df37c9edbb128cdd870be926a238e 0ed08531ef16ab4d552492e5b3de2e94ebf0d04a34142d7d31d9d62defdad4fad9566e62060f9c94273557c0b6f193e3
SERVER_HANDSHAKE_TRAFFIC_SECRET e30c3faa62a79933b40512e9935336f3a4e9a6ad93274ba2c912324e5df54d5c b9ff7b8773cc87704f9f8c0dbf35b1b194009ab6029b854e40b304c594b3b3d34dc20c2a3be3e7daf5c5c7234246400a
CLIENT_HANDSHAKE_TRAFFIC_SECRET e30c3faa62a79933b40512e9935336f3a4e9a6ad93274ba2c912324e5df54d5c cd7d09be1a03a4f563c61e3749a0651174665fada517072b1731b4f35af0a48c2677a3cb11368f2f36ab6cc690cd993d
EXPORTER_SECRET e30c3faa62a79933b40512e9935336f3a4e9a6ad93274ba2c912324e5df54d5c 72211514816f2b65d762d86f969cb046344af5bff89668e5afb694a12cc4a29ed1bc1ed1af12806a9080469b2332a4d4
SERVER_TRAFFIC_SECRET_0 e30c3faa62a79933b40512e9935336f3a4e9a6ad93274ba2c912324e5df54d5c fcbdfa382321f46eb7330970cc3e297cb21b10ec227d6df9ad79ff09576ab48e63f3a250d0fe6bd1b51e8f1a8379302c
CLIENT_TRAFFIC_SECRET_0 e30c3faa62a79933b40512e9935336f3a4e9a6ad93274ba2c912324e5df54d5c 7306e73bd068f3e13d7c72c3a1b77aca2c82f4a5ca5614454c8148a3e01f0d2a17eea83147aab92695003f7f35451b3d
SERVER_HANDSHAKE_TRAFFIC_SECRET a8f8df6745a9060e15f0f9e7a37bbd0aa9d382be856af20c5f36c93d5ad75424 adfe0025c835c98802083b188640b1826ea1e7d8d613ce3c603aae01b22eeb764c9e52d8fdcb11dee8704c7cae93d7ea
CLIENT_HANDSHAKE_TRAFFIC_SECRET a8f8df6745a9060e15f0f9e7a37bbd0aa9d382be856af20c5f36c93d5ad75424 4a5a770a06e53a8c89471138e394adeb5245c478df42310b4914125149209f779939569f12a5d05eca24b98012bee59e
EXPORTER_SECRET a8f8df6745a9060e15f0f9e7a37bbd0aa9d382be856af20c5f36c93d5ad75424 0295fdd53b0aa517e8db867879bae42344285d78a71869593d43d2beff7200ded0e9deff079d2a71572f710a87a94718
SERVER_TRAFFIC_SECRET_0 a8f8df6745a9060e15f0f9e7a37bbd0aa9d382be856af20c5f36c93d5ad75424 90acef9a9793b1137dd2e49bd74bc712c2dfc008fe51d399de4c428c67808945f543901b34e0af1cce009b0acebd30be
CLIENT_TRAFFIC_SECRET_0 a8f8df6745a9060e15f0f9e7a37bbd0aa9d382be856af20c5f36c93d5ad75424 867063c306f796c95b8bb2b5a671189d2ef38746794b3c3a8ddbfad579d1ade0c6cf6c8c437c87ebdc7efae2ac90d740
SERVER_HANDSHAKE_TRAFFIC_SECRET a4df0de3d942963fc96a1e6aaa617f57cf1da4e681d08a13d132f072fae1da9e d40a1b5443e0f542c3c5e0a0f1a5a5b112ad6739b30438bc19d36a36a7aeb83638dd2840da29a5955189815c2b76eea3
CLIENT_HANDSHAKE_TRAFFIC_SECRET a4df0de3d942963fc96a1e6aaa617f57cf1da4e681d08a13d132f072fae1da9e c09eb791fc55950b38e7cf826e4a2562eabb6562c1a14a7586bc08676a9f4de788794bc003929c1bd93b91c20ef1fdfc
EXPORTER_SECRET a4df0de3d942963fc96a1e6aaa617f57cf1da4e681d08a13d132f072fae1da9e 8b778828a439f24792ca07c2b95465323d6d3010c51c281c0793ce8517a4d6c7be8544c389399a056a0fe4b8490fe584
SERVER_TRAFFIC_SECRET_0 a4df0de3d942963fc96a1e6aaa617f57cf1da4e681d08a13d132f072fae1da9e 26bfc4a06f142a8ffffd707c0256fb25a851385e925f70e5096098d921bdd6677f74120a76c867916e02170af0f0e195
CLIENT_TRAFFIC_SECRET_0 a4df0de3d942963fc96a1e6aaa617f57cf1da4e681d08a13d132f072fae1da9e 9f0747709bb7b541ac71f9bce7cbf53ff00e5bd846be4f68cd3235c4f0dc6e58c21cba0bdf9f78e066fcf8a2756baacc
SERVER_HANDSHAKE_TRAFFIC_SECRET 9003b562da9075ba723727676b38e21dcd199ab0e1439be7e66a0183c3f57500 be642e5c97ee5709c10dc6d5079c82315a1aa19c4731683477709f67961ab877e715c78dc9d53b72f188ca96d6f6b1f9
CLIENT_HANDSHAKE_TRAFFIC_SECRET 9003b562da9075ba723727676b38e21dcd199ab0e1439be7e66a0183c3f57500 bb95109a35f8c855b1ce914279a288fc1b55693b25270ed4f8db4324bc2147dcc366fc7e6ca7606d50aa2551c3b2a223
EXPORTER_SECRET 9003b562da9075ba723727676b38e21dcd199ab0e1439be7e66a0183c3f57500 93bac87053778da0e7991be186c7ee170c7e001c5cb04be99814696b24f6f5982754df131e968dcff4533e9100e1efad
SERVER_TRAFFIC_SECRET_0 9003b562da9075ba723727676b38e21dcd199ab0e1439be7e66a0183c3f57500 f0ab318d6eb5b639c1359fa81deec150b830adc99513fc748bd71a84004dd46162cbad0612f7a0721bd706b33718fb7c
CLIENT_TRAFFIC_SECRET_0 9003b562da9075ba723727676b38e21dcd199ab0e1439be7e66a0183c3f57500 b5297f5eeed5c1d67af5c3eaa137157b4b5392d7f29a36c3bf83ade2688d459353d9065f0b422d0c6d00e9f6f646dae9
